<?xml version="1.0" encoding="UTF-8"?>
<!-- Generated by org.testng.reporters.JUnitReportReporter -->
<testsuite hostname="Nads" failures="0" tests="25" name="tests.RegistrationTest" time="33.208" errors="1" timestamp="2024-06-01T22:24:34 PST" skipped="0">
  <testcase classname="tests.RegistrationTest" name="registration_signIn" time="0.001"/>
  <system-out/>
  <testcase classname="tests.RegistrationTest" name="registration_signIn" time="0.000"/>
  <system-out/>
  <testcase classname="tests.RegistrationTest" name="registration_signIn" time="0.005"/>
  <system-out/>
  <testcase classname="tests.RegistrationTest" name="registration_signIn" time="0.000"/>
  <system-out/>
  <testcase classname="tests.RegistrationTest" name="registration_signIn" time="0.001"/>
  <system-out/>
  <testcase classname="tests.RegistrationTest" name="registration_with_invalid_email" time="29.661">
    <error message="no such element: Unable to locate element: {&quot;method&quot;:&quot;xpath&quot;,&quot;selector&quot;:&quot;//ul[@class=&#039;woocommerce-error&#039;]//child::li&quot;}
  (Session info: chrome=125.0.6422.114)
For documentation on this error, please visit: https://www.selenium.dev/documentation/webdriver/troubleshooting/errors#no-such-element-exception
Build info: version: &#039;4.21.0&#039;, revision: &#039;79ed462ef4&#039;
System info: os.name: &#039;Windows 11&#039;, os.arch: &#039;amd64&#039;, os.version: &#039;10.0&#039;, java.version: &#039;17.0.10&#039;
Driver info: org.openqa.selenium.chrome.ChromeDriver
Command: [d1ed30cd238fbb59dff5a7f9032613f6, findElement {using=xpath, value=//ul[@class=&#039;woocommerce-error&#039;]//child::li}]
Capabilities {acceptInsecureCerts: false, browserName: chrome, browserVersion: 125.0.6422.114, chrome: {chromedriverVersion: 125.0.6422.141 (4b1e8393712..., userDataDir: C:\Users\Nads\AppData\Local...}, fedcm:accounts: true, goog:chromeOptions: {debuggerAddress: localhost:49967}, networkConnectionEnabled: false, pageLoadStrategy: normal, platformName: windows, proxy: Proxy(), se:cdp: ws://localhost:49967/devtoo..., se:cdpVersion: 125.0.6422.114, setWindowRect: true, strictFileInteractability: false, timeouts: {implicit: 0, pageLoad: 300000, script: 30000}, unhandledPromptBehavior: dismiss and notify, webauthn:extension:credBlob: true, webauthn:extension:largeBlob: true, webauthn:extension:minPinLength: true, webauthn:extension:prf: true, webauthn:virtualAuthenticators: true}
Session ID: d1ed30cd238fbb59dff5a7f9032613f6" type="org.openqa.selenium.NoSuchElementException">
      <![CDATA[org.openqa.selenium.NoSuchElementException: no such element: Unable to locate element: {"method":"xpath","selector":"//ul[@class='woocommerce-error']//child::li"}
  (Session info: chrome=125.0.6422.114)
For documentation on this error, please visit: https://www.selenium.dev/documentation/webdriver/troubleshooting/errors#no-such-element-exception
Build info: version: '4.21.0', revision: '79ed462ef4'
System info: os.name: 'Windows 11', os.arch: 'amd64', os.version: '10.0', java.version: '17.0.10'
Driver info: org.openqa.selenium.chrome.ChromeDriver
Command: [d1ed30cd238fbb59dff5a7f9032613f6, findElement {using=xpath, value=//ul[@class='woocommerce-error']//child::li}]
Capabilities {acceptInsecureCerts: false, browserName: chrome, browserVersion: 125.0.6422.114, chrome: {chromedriverVersion: 125.0.6422.141 (4b1e8393712..., userDataDir: C:\Users\Nads\AppData\Local...}, fedcm:accounts: true, goog:chromeOptions: {debuggerAddress: localhost:49967}, networkConnectionEnabled: false, pageLoadStrategy: normal, platformName: windows, proxy: Proxy(), se:cdp: ws://localhost:49967/devtoo..., se:cdpVersion: 125.0.6422.114, setWindowRect: true, strictFileInteractability: false, timeouts: {implicit: 0, pageLoad: 300000, script: 30000}, unhandledPromptBehavior: dismiss and notify, webauthn:extension:credBlob: true, webauthn:extension:largeBlob: true, webauthn:extension:minPinLength: true, webauthn:extension:prf: true, webauthn:virtualAuthenticators: true}
Session ID: d1ed30cd238fbb59dff5a7f9032613f6
at java.base/jdk.internal.reflect.NativeConstructorAccessorImpl.newInstance0(Native Method)
at java.base/jdk.internal.reflect.NativeConstructorAccessorImpl.newInstance(NativeConstructorAccessorImpl.java:77)
at java.base/jdk.internal.reflect.DelegatingConstructorAccessorImpl.newInstance(DelegatingConstructorAccessorImpl.java:45)
at java.base/java.lang.reflect.Constructor.newInstanceWithCaller(Constructor.java:499)
at java.base/java.lang.reflect.Constructor.newInstance(Constructor.java:480)
at org.openqa.selenium.remote.ErrorCodec.decode(ErrorCodec.java:167)
at org.openqa.selenium.remote.codec.w3c.W3CHttpResponseCodec.decode(W3CHttpResponseCodec.java:138)
at org.openqa.selenium.remote.codec.w3c.W3CHttpResponseCodec.decode(W3CHttpResponseCodec.java:50)
at org.openqa.selenium.remote.HttpCommandExecutor.execute(HttpCommandExecutor.java:190)
at org.openqa.selenium.remote.service.DriverCommandExecutor.invokeExecute(DriverCommandExecutor.java:216)
at org.openqa.selenium.remote.service.DriverCommandExecutor.execute(DriverCommandExecutor.java:174)
at org.openqa.selenium.remote.RemoteWebDriver.execute(RemoteWebDriver.java:518)
at org.openqa.selenium.remote.ElementLocation$ElementFinder$2.findElement(ElementLocation.java:165)
at org.openqa.selenium.remote.ElementLocation.findElement(ElementLocation.java:59)
at org.openqa.selenium.remote.RemoteWebDriver.findElement(RemoteWebDriver.java:355)
at org.openqa.selenium.remote.RemoteWebDriver.findElement(RemoteWebDriver.java:349)
at pageObjects.MyAccountRegistration.verifyErrorMessage(MyAccountRegistration.java:52)
at tests.RegistrationTest.registration_with_invalid_email(RegistrationTest.java:58)
at java.base/jdk.internal.reflect.NativeMethodAccessorImpl.invoke0(Native Method)
at java.base/jdk.internal.reflect.NativeMethodAccessorImpl.invoke(NativeMethodAccessorImpl.java:77)
at java.base/jdk.internal.reflect.DelegatingMethodAccessorImpl.invoke(DelegatingMethodAccessorImpl.java:43)
at java.base/java.lang.reflect.Method.invoke(Method.java:568)
at org.testng.internal.MethodInvocationHelper.invokeMethod(MethodInvocationHelper.java:133)
at org.testng.internal.TestInvoker.invokeMethod(TestInvoker.java:598)
at org.testng.internal.TestInvoker.invokeTestMethod(TestInvoker.java:173)
at org.testng.internal.MethodRunner.runInSequence(MethodRunner.java:46)
at org.testng.internal.TestInvoker$MethodInvocationAgent.invoke(TestInvoker.java:824)
at org.testng.internal.TestInvoker.invokeTestMethods(TestInvoker.java:146)
at org.testng.internal.TestMethodWorker.invokeTestMethods(TestMethodWorker.java:146)
at org.testng.internal.TestMethodWorker.run(TestMethodWorker.java:128)
at java.base/java.util.ArrayList.forEach(ArrayList.java:1511)
at org.testng.TestRunner.privateRun(TestRunner.java:794)
at org.testng.TestRunner.run(TestRunner.java:596)
at org.testng.SuiteRunner.runTest(SuiteRunner.java:377)
at org.testng.SuiteRunner.runSequentially(SuiteRunner.java:371)
at org.testng.SuiteRunner.privateRun(SuiteRunner.java:332)
at org.testng.SuiteRunner.run(SuiteRunner.java:276)
at org.testng.SuiteRunnerWorker.runSuite(SuiteRunnerWorker.java:53)
at org.testng.SuiteRunnerWorker.run(SuiteRunnerWorker.java:96)
at org.testng.TestNG.runSuitesSequentially(TestNG.java:1212)
at org.testng.TestNG.runSuitesLocally(TestNG.java:1134)
at org.testng.TestNG.runSuites(TestNG.java:1063)
at org.testng.TestNG.run(TestNG.java:1031)
at org.testng.remote.AbstractRemoteTestNG.run(AbstractRemoteTestNG.java:115)
at org.testng.remote.RemoteTestNG.initAndRun(RemoteTestNG.java:293)
at org.testng.remote.RemoteTestNG.main(RemoteTestNG.java:91)
]]>
    </error>
  </testcase> <!-- registration_with_invalid_email -->
  <system-out/>
  <testcase classname="tests.RegistrationTest" name="registration_with_invalid_email" time="0.001"/>
  <system-out/>
  <testcase classname="tests.RegistrationTest" name="registration_with_invalid_email" time="0.000"/>
  <system-out/>
  <testcase classname="tests.RegistrationTest" name="registration_with_invalid_email" time="0.000"/>
  <system-out/>
  <testcase classname="tests.RegistrationTest" name="registration_with_invalid_email" time="0.000"/>
  <system-out/>
  <testcase classname="tests.RegistrationTest" name="registration_with_empty_email" time="1.292"/>
  <system-out/>
  <testcase classname="tests.RegistrationTest" name="registration_with_empty_email" time="0.001"/>
  <system-out/>
  <testcase classname="tests.RegistrationTest" name="registration_with_empty_email" time="0.001"/>
  <system-out/>
  <testcase classname="tests.RegistrationTest" name="registration_with_empty_email" time="0.001"/>
  <system-out/>
  <testcase classname="tests.RegistrationTest" name="registration_with_empty_email" time="0.000"/>
  <system-out/>
  <testcase classname="tests.RegistrationTest" name="registration_with_empty_password" time="0.001"/>
  <system-out/>
  <testcase classname="tests.RegistrationTest" name="registration_with_empty_password" time="0.001"/>
  <system-out/>
  <testcase classname="tests.RegistrationTest" name="registration_with_empty_password" time="0.000"/>
  <system-out/>
  <testcase classname="tests.RegistrationTest" name="registration_with_empty_password" time="1.282"/>
  <system-out/>
  <testcase classname="tests.RegistrationTest" name="registration_with_empty_password" time="0.000"/>
  <system-out/>
  <testcase classname="tests.RegistrationTest" name="registration_with_empty_emailAndPassword" time="0.001"/>
  <system-out/>
  <testcase classname="tests.RegistrationTest" name="registration_with_empty_emailAndPassword" time="0.001"/>
  <system-out/>
  <testcase classname="tests.RegistrationTest" name="registration_with_empty_emailAndPassword" time="0.001"/>
  <system-out/>
  <testcase classname="tests.RegistrationTest" name="registration_with_empty_emailAndPassword" time="0.001"/>
  <system-out/>
  <testcase classname="tests.RegistrationTest" name="registration_with_empty_emailAndPassword" time="0.956"/>
  <system-out/>
</testsuite> <!-- tests.RegistrationTest -->
